<?xml version="1.0" encoding="UTF-8" standalone="no"?>
<!--

    Copyright 2011 - 2012, Sybila, Systems Biology Laboratory and individual
    contributors by the @authors tag.

    This file is part of Parasim.

    Parasim is free software: you can redistribute it and/or modify
    it under the terms of the GNU General Public License as published by
    the Free Software Foundation, either version 3 of the License, or
    (at your option) any later version.

    This program is distributed in the hope that it will be useful,
    but WITHOUT ANY WARRANTY; without even the implied warranty of
    MERCHANTABILITY or FITNESS FOR A PARTICULAR PURPOSE.  See the
    GNU General Public License for more details.

    You should have received a copy of the GNU General Public License
    along with this program.  If not, see <http://www.gnu.org/licenses/>.

-->
<result xmlns="http://www.sybila.org/parasim/verification-result" dimension="3" robustness="0">
<point id="1" robustness="0.125">
<data>
<dimension>-0.15</dimension>
<dimension>12.3</dimension>
<dimension>53.1</dimension>
</data>
</point>
<point id="2" robustness="-0.145">
<data>
<dimension>89.005</dimension>
<dimension>-74.102</dimension>
<dimension>376.4</dimension>
</data>
</point>
<point id="3" robustness="-54">
<data>
<dimension>538.01</dimension>
<dimension>-35.002</dimension>
<dimension>55.12</dimension>
</data>
</point>
<point id="4" robustness="-0.005">
<data>
<dimension>124.1</dimension>
<dimension>25.35</dimension>
<dimension>-0.005</dimension>
</data>
</point>
</result>