<?xml version="1.0" encoding="UTF-8" standalone="no"?>
<!--

    Copyright 2011 - 2012, Sybila, Systems Biology Laboratory and individual
    contributors by the @authors tag.

    This file is part of Parasim.

    Parasim is free software: you can redistribute it and/or modify
    it under the terms of the GNU General Public License as published by
    the Free Software Foundation, either version 3 of the License, or
    (at your option) any later version.

    This program is distributed in the hope that it will be useful,
    but WITHOUT ANY WARRANTY; without even the implied warranty of
    MERCHANTABILITY or FITNESS FOR A PARTICULAR PURPOSE.  See the
    GNU General Public License for more details.

    You should have received a copy of the GNU General Public License
    along with this program.  If not, see <http://www.gnu.org/licenses/>.

-->
<result xmlns="http://www.sybila.org/parasim/verification-result">
<point>
<dim>-0.15</dim>
<dim>12.3</dim>
<dim>53.1</dim>
<robustness>0.125</robustness>
</point>
<point>
<dim>89.005</dim>
<dim>-74.102</dim>
<dim>376.4</dim>
<robustness>-0.145</robustness>
</point>
<point>
<dim>538.01</dim>
<dim>-35.002</dim>
<dim>55.12</dim>
<robustness>-54</robustness>
</point>
<point>
<dim>124.1</dim>
<dim>25.35</dim>
<dim>-0.005</dim>
<robustness>12.8</robustness>
</point>
</result>